\BOOKMARK [0][-]{chapter.1}{Neurons and Axons}{}% 1
\BOOKMARK [1][-]{section.1.1}{Introduction}{chapter.1}% 2
\BOOKMARK [2][-]{subsection.1.1.1}{Overview}{section.1.1}% 3
\BOOKMARK [2][-]{subsection.1.1.2}{Mathematical Modeling}{section.1.1}% 4
\BOOKMARK [2][-]{subsection.1.1.3}{Circuit Modeling}{section.1.1}% 5
\BOOKMARK [1][-]{section.1.2}{Circuit 1: A Pulse Type Neuron}{chapter.1}% 6
\BOOKMARK [2][-]{subsection.1.2.1}{Theory}{section.1.2}% 7
\BOOKMARK [2][-]{subsection.1.2.2}{Results and Discussion}{section.1.2}% 8
\BOOKMARK [1][-]{section.1.3}{Circuit 2: A Pulse Type Neuron with Burst}{chapter.1}% 9
\BOOKMARK [2][-]{subsection.1.3.1}{Theory}{section.1.3}% 10
\BOOKMARK [2][-]{subsection.1.3.2}{Results and Discussion}{section.1.3}% 11
\BOOKMARK [0][-]{chapter.2}{Synapses}{}% 12
\BOOKMARK [1][-]{section.2.1}{Introduction}{chapter.2}% 13
\BOOKMARK [2][-]{subsection.2.1.1}{Overview}{section.2.1}% 14
\BOOKMARK [1][-]{section.2.2}{Circuit 1: Excitatory Synapse}{chapter.2}% 15
\BOOKMARK [2][-]{subsection.2.2.1}{Theory}{section.2.2}% 16
\BOOKMARK [2][-]{subsection.2.2.2}{Results and Discussion}{section.2.2}% 17
\BOOKMARK [1][-]{section.2.3}{Circuit 2: Inhibitory Synapse}{chapter.2}% 18
\BOOKMARK [2][-]{subsection.2.3.1}{Theory}{section.2.3}% 19
\BOOKMARK [2][-]{subsection.2.3.2}{Results and Discussion}{section.2.3}% 20
\BOOKMARK [0][-]{chapter.3}{Central Pattern Generators}{}% 21
\BOOKMARK [1][-]{section.3.1}{Introduction}{chapter.3}% 22
\BOOKMARK [2][-]{subsection.3.1.1}{Overview}{section.3.1}% 23
\BOOKMARK [1][-]{section.3.2}{Circuit: Inhibitory Pattern Generation}{chapter.3}% 24
\BOOKMARK [2][-]{subsection.3.2.1}{Theory}{section.3.2}% 25
\BOOKMARK [2][-]{subsection.3.2.2}{Results and Discussion}{section.3.2}% 26
